Using pre-set license
Built from '2021.3/staging' branch; Version is '2021.3.11f1 (0a5ca18544bf) revision 679073'; Using compiler version '192829333'; Build Type 'Release'
OS: 'Windows 10  (10.0.19044) 64bit Professional' Language: 'it' Physical Memory: 7926 MB
BatchMode: 1, IsHumanControllingUs: 0, StartBugReporterOnCrash: 0, Is64bit: 1, IsPro: 1

COMMAND LINE ARGUMENTS:
C:\Program Files\Unity\Hub\Editor\2021.3.11f1\Editor\Unity.exe
-adb2
-batchMode
-noUpm
-name
AssetImportWorker2
-projectPath
C:/Users/Utente/Documents/Unity/Unity-Course-Lectures_myFORK/Unity-Course-Lectures
-logFile
Logs/AssetImportWorker2.log
-srvPort
59562
Successfully changed project path to: C:/Users/Utente/Documents/Unity/Unity-Course-Lectures_myFORK/Unity-Course-Lectures
C:/Users/Utente/Documents/Unity/Unity-Course-Lectures_myFORK/Unity-Course-Lectures
[UnityMemory] Configuration Parameters - Can be set up in boot.config
    "memorysetup-bucket-allocator-granularity=16"
    "memorysetup-bucket-allocator-bucket-count=8"
    "memorysetup-bucket-allocator-block-size=33554432"
    "memorysetup-bucket-allocator-block-count=8"
    "memorysetup-main-allocator-block-size=16777216"
    "memorysetup-thread-allocator-block-size=16777216"
    "memorysetup-gfx-main-allocator-block-size=16777216"
    "memorysetup-gfx-thread-allocator-block-size=16777216"
    "memorysetup-cache-allocator-block-size=4194304"
    "memorysetup-typetree-allocator-block-size=2097152"
    "memorysetup-profiler-bucket-allocator-granularity=16"
    "memorysetup-profiler-bucket-allocator-bucket-count=8"
    "memorysetup-profiler-bucket-allocator-block-size=33554432"
    "memorysetup-profiler-bucket-allocator-block-count=8"
    "memorysetup-profiler-allocator-block-size=16777216"
    "memorysetup-profiler-editor-allocator-block-size=1048576"
    "memorysetup-temp-allocator-size-main=16777216"
    "memorysetup-job-temp-allocator-block-size=2097152"
    "memorysetup-job-temp-allocator-block-size-background=1048576"
    "memorysetup-job-temp-allocator-reduction-small-platforms=262144"
    "memorysetup-temp-allocator-size-background-worker=32768"
    "memorysetup-temp-allocator-size-job-worker=262144"
    "memorysetup-temp-allocator-size-preload-manager=33554432"
    "memorysetup-temp-allocator-size-nav-mesh-worker=65536"
    "memorysetup-temp-allocator-size-audio-worker=65536"
    "memorysetup-temp-allocator-size-cloud-worker=32768"
    "memorysetup-temp-allocator-size-gi-baking-worker=262144"
    "memorysetup-temp-allocator-size-gfx=262144"
Refreshing native plugins compatible for Editor in 97.84 ms, found 0 plugins.
Preloading 0 native plugins for Editor in 0.00 ms.
Initialize engine version: 2021.3.11f1 (0a5ca18544bf)
[Subsystems] Discovering subsystems at path C:/Program Files/Unity/Hub/Editor/2021.3.11f1/Editor/Data/Resources/UnitySubsystems
[Subsystems] Discovering subsystems at path C:/Users/Utente/Documents/Unity/Unity-Course-Lectures_myFORK/Unity-Course-Lectures/Assets
GfxDevice: creating device client; threaded=0; jobified=0
Direct3D:
    Version:  Direct3D 11.0 [level 11.1]
    Renderer: NVIDIA GeForce GTX 1050 Ti with Max-Q Design (ID=0x1c8c)
    Vendor:   NVIDIA
    VRAM:     4021 MB
    Driver:   31.0.15.2225
Initialize mono
Mono path[0] = 'C:/Program Files/Unity/Hub/Editor/2021.3.11f1/Editor/Data/Managed'
Mono path[1] = 'C:/Program Files/Unity/Hub/Editor/2021.3.11f1/Editor/Data/MonoBleedingEdge/lib/mono/unityjit-win32'
Mono config path = 'C:/Program Files/Unity/Hub/Editor/2021.3.11f1/Editor/Data/MonoBleedingEdge/etc'
Using monoOptions --debugger-agent=transport=dt_socket,embedding=1,server=y,suspend=n,address=127.0.0.1:56796
Begin MonoManager ReloadAssembly
Registering precompiled unity dll's ...
Register platform support module: C:/Program Files/Unity/Hub/Editor/2021.3.11f1/Editor/Data/PlaybackEngines/WebGLSupport/UnityEditor.WebGL.Extensions.dll
Register platform support module: C:/Program Files/Unity/Hub/Editor/2021.3.11f1/Editor/Data/PlaybackEngines/WindowsStandaloneSupport/UnityEditor.WindowsStandalone.Extensions.dll
Registered in 0.017283 seconds.
Native extension for WindowsStandalone target not found
Native extension for WebGL target not found
Refreshing native plugins compatible for Editor in 42.87 ms, found 0 plugins.
Preloading 0 native plugins for Editor in 0.00 ms.
Mono: successfully reloaded assembly
- Completed reload, in  1.068 seconds
Domain Reload Profiling:
	ReloadAssembly (1068ms)
		BeginReloadAssembly (133ms)
			ExecutionOrderSort (0ms)
			DisableScriptedObjects (0ms)
			BackupInstance (0ms)
			ReleaseScriptingObjects (0ms)
			CreateAndSetChildDomain (1ms)
		EndReloadAssembly (717ms)
			LoadAssemblies (128ms)
			RebuildTransferFunctionScriptingTraits (0ms)
			SetupTypeCache (184ms)
			ReleaseScriptCaches (0ms)
			RebuildScriptCaches (46ms)
			SetupLoadedEditorAssemblies (399ms)
				LogAssemblyErrors (0ms)
				InitializePlatformSupportModulesInManaged (17ms)
				SetLoadedEditorAssemblies (0ms)
				RefreshPlugins (43ms)
				BeforeProcessingInitializeOnLoad (2ms)
				ProcessInitializeOnLoadAttributes (242ms)
				ProcessInitializeOnLoadMethodAttributes (95ms)
				AfterProcessingInitializeOnLoad (0ms)
				EditorAssembliesLoaded (0ms)
			ExecutionOrderSort2 (0ms)
			AwakeInstancesAfterBackupRestoration (0ms)
Platform modules already initialized, skipping
Registering precompiled user dll's ...
Registered in 0.003004 seconds.
Begin MonoManager ReloadAssembly
Native extension for WindowsStandalone target not found
Native extension for WebGL target not found
Refreshing native plugins compatible for Editor in 0.36 ms, found 0 plugins.
Preloading 0 native plugins for Editor in 0.00 ms.
Mono: successfully reloaded assembly
- Completed reload, in  1.283 seconds
Domain Reload Profiling:
	ReloadAssembly (1284ms)
		BeginReloadAssembly (189ms)
			ExecutionOrderSort (0ms)
			DisableScriptedObjects (10ms)
			BackupInstance (0ms)
			ReleaseScriptingObjects (0ms)
			CreateAndSetChildDomain (30ms)
		EndReloadAssembly (889ms)
			LoadAssemblies (118ms)
			RebuildTransferFunctionScriptingTraits (0ms)
			SetupTypeCache (234ms)
			ReleaseScriptCaches (1ms)
			RebuildScriptCaches (74ms)
			SetupLoadedEditorAssemblies (401ms)
				LogAssemblyErrors (0ms)
				InitializePlatformSupportModulesInManaged (13ms)
				SetLoadedEditorAssemblies (1ms)
				RefreshPlugins (0ms)
				BeforeProcessingInitializeOnLoad (93ms)
				ProcessInitializeOnLoadAttributes (223ms)
				ProcessInitializeOnLoadMethodAttributes (52ms)
				AfterProcessingInitializeOnLoad (18ms)
				EditorAssembliesLoaded (0ms)
			ExecutionOrderSort2 (0ms)
			AwakeInstancesAfterBackupRestoration (11ms)
Platform modules already initialized, skipping
========================================================================
Worker process is ready to serve import requests
Launched and connected shader compiler UnityShaderCompiler.exe after 0.09 seconds
Refreshing native plugins compatible for Editor in 0.42 ms, found 0 plugins.
Preloading 0 native plugins for Editor in 0.00 ms.
Unloading 1401 Unused Serialized files (Serialized files now loaded: 0)
Unloading 27 unused Assets / (1.3 MB). Loaded Objects now: 1872.
Memory consumption went from 74.4 MB to 73.1 MB.
Total: 4.377900 ms (FindLiveObjects: 0.230600 ms CreateObjectMapping: 0.118900 ms MarkObjects: 3.680700 ms  DeleteObjects: 0.345900 ms)

AssetImportParameters requested are different than current active one (requested -> active):
  custom:video-decoder-ogg-theora: a1e56fd34408186e4bbccfd4996cb3dc -> 
  custom:container-muxer-webm: aa71ff27fc2769a1b78a27578f13a17b -> 
  custom:container-demuxer-webm: 4f35f7cbe854078d1ac9338744f61a02 -> 
  custom:video-encoder-webm-vp8: eb34c28f22e8b96e1ab97ce403110664 -> 
  custom:audio-encoder-webm-vorbis: bf7c407c2cedff20999df2af8eb42d56 -> 
  custom:framework-win-MediaFoundation: 216162199b28c13a410421893ffa2e32 -> 
  custom:container-demuxer-ogg: 62fdf1f143b41e24485cea50d1cbac27 -> 
  custom:video-decoder-webm-vp8: 9c59270c3fd7afecdb556c50c9e8de78 -> 
  custom:audio-decoder-ogg-vorbis: bf7c407c2cedff20999df2af8eb42d56 -> 
========================================================================
Received Import Request.
  Time since last request: 7320.608759 seconds.
  path: Assets/_ClassExercises/ThirdPersonController/My_ThirdPersonController.unity
  artifactKey: Guid(e6da04bf81e373942ac1c023eae1bf5a) Importer(815301076,1909f56bfc062723c751e8b465ee728b)
Start importing Assets/_ClassExercises/ThirdPersonController/My_ThirdPersonController.unity using Guid(e6da04bf81e373942ac1c023eae1bf5a) Importer(815301076,1909f56bfc062723c751e8b465ee728b)  -> (artifact id: '821f3e721b6c594fad69943884b66133') in 0.013851 seconds 
========================================================================
Received Import Request.
  Time since last request: 3.338290 seconds.
  path: Assets/_ClassExercises/ThirdPersonController/Sphere_Target.prefab
  artifactKey: Guid(15bc1628161a97c4db171587cdea2560) Importer(815301076,1909f56bfc062723c751e8b465ee728b)
Start importing Assets/_ClassExercises/ThirdPersonController/Sphere_Target.prefab using Guid(15bc1628161a97c4db171587cdea2560) Importer(815301076,1909f56bfc062723c751e8b465ee728b)  -> (artifact id: 'f50d48af691ca0872a6d9d2fe552d423') in 0.220546 seconds 
========================================================================
Received Import Request.
  Time since last request: 20.927818 seconds.
  path: Assets/_ClassExercises/ThirdPersonController/My_Scripts
  artifactKey: Guid(ee79f1a5527adcc409cb966cb73bb69a) Importer(815301076,1909f56bfc062723c751e8b465ee728b)
Start importing Assets/_ClassExercises/ThirdPersonController/My_Scripts using Guid(ee79f1a5527adcc409cb966cb73bb69a) Importer(815301076,1909f56bfc062723c751e8b465ee728b)  -> (artifact id: '5876d4e08b094c8c325a01ca936319ab') in 0.010050 seconds 
========================================================================
Received Import Request.
  Time since last request: 7.660256 seconds.
  path: Assets/_ClassExercises/ThirdPersonController/Scripts/SimpleThirdPersonController_Empty.cs
  artifactKey: Guid(087fb02ee15aee14f95d98fe351ad100) Importer(815301076,1909f56bfc062723c751e8b465ee728b)
Start importing Assets/_ClassExercises/ThirdPersonController/Scripts/SimpleThirdPersonController_Empty.cs using Guid(087fb02ee15aee14f95d98fe351ad100) Importer(815301076,1909f56bfc062723c751e8b465ee728b)  -> (artifact id: 'a836f1fc7eee149982074930727b398a') in 0.031984 seconds 
========================================================================
Received Import Request.
  Time since last request: 673.617481 seconds.
  path: Assets/_ClassExercises/ThirdPersonController/Prefabs
  artifactKey: Guid(16de1c6a4887ab54d93a997c6631efc3) Importer(815301076,1909f56bfc062723c751e8b465ee728b)
Start importing Assets/_ClassExercises/ThirdPersonController/Prefabs using Guid(16de1c6a4887ab54d93a997c6631efc3) Importer(815301076,1909f56bfc062723c751e8b465ee728b)  -> (artifact id: '2d97b645cd1399e579af3ff86f0c0707') in 0.010326 seconds 
========================================================================
Received Import Request.
  Time since last request: 47.615961 seconds.
  path: Assets/_ClassExercises/ThirdPersonController/Prefabs/personaggio.prefab
  artifactKey: Guid(29529aa84e7fb204da540be2963ef524) Importer(815301076,1909f56bfc062723c751e8b465ee728b)
Start importing Assets/_ClassExercises/ThirdPersonController/Prefabs/personaggio.prefab using Guid(29529aa84e7fb204da540be2963ef524) Importer(815301076,1909f56bfc062723c751e8b465ee728b)  -> (artifact id: 'e86f577f134432ec6d54d1aabb03656e') in 0.012886 seconds 
========================================================================
Received Import Request.
  Time since last request: 527.076239 seconds.
  path: Assets/_ClassExercises/ThirdPersonController/My_ThirdPersonController.unity
  artifactKey: Guid(e6da04bf81e373942ac1c023eae1bf5a) Importer(815301076,1909f56bfc062723c751e8b465ee728b)
Start importing Assets/_ClassExercises/ThirdPersonController/My_ThirdPersonController.unity using Guid(e6da04bf81e373942ac1c023eae1bf5a) Importer(815301076,1909f56bfc062723c751e8b465ee728b)  -> (artifact id: 'b5d567e9d7b5454ee38fa6b683a4dcbd') in 0.003132 seconds 
========================================================================
Received Import Request.
  Time since last request: 38.436112 seconds.
  path: Assets/_ClassExercises/ThirdPersonController/Prefabs/personaggio.prefab
  artifactKey: Guid(29529aa84e7fb204da540be2963ef524) Importer(815301076,1909f56bfc062723c751e8b465ee728b)
Start importing Assets/_ClassExercises/ThirdPersonController/Prefabs/personaggio.prefab using Guid(29529aa84e7fb204da540be2963ef524) Importer(815301076,1909f56bfc062723c751e8b465ee728b)  -> (artifact id: '0721c4f7899a99279a2e79940345b1a7') in 0.201152 seconds 
========================================================================
Received Import Request.
  Time since last request: 68.479043 seconds.
  path: Assets/_ClassExercises/ThirdPersonController/Scripts
  artifactKey: Guid(9927d2f71c3202547a6aef6240cca55f) Importer(815301076,1909f56bfc062723c751e8b465ee728b)
Start importing Assets/_ClassExercises/ThirdPersonController/Scripts using Guid(9927d2f71c3202547a6aef6240cca55f) Importer(815301076,1909f56bfc062723c751e8b465ee728b)  -> (artifact id: '2366d854a579e47353ea7168ac6dccdf') in 0.009413 seconds 
========================================================================
Received Import Request.
  Time since last request: 0.481054 seconds.
  path: Assets/_ClassExercises/ThirdPersonController/Prefabs/New Prefab.prefab
  artifactKey: Guid(b18979b9ce5cfee46a1ca8898eb7df17) Importer(815301076,1909f56bfc062723c751e8b465ee728b)
Start importing Assets/_ClassExercises/ThirdPersonController/Prefabs/New Prefab.prefab using Guid(b18979b9ce5cfee46a1ca8898eb7df17) Importer(815301076,1909f56bfc062723c751e8b465ee728b)  -> (artifact id: '3d56fc4091ee2c42c53876e7325d4ece') in 0.012466 seconds 
========================================================================
Received Import Request.
  Time since last request: 118.240161 seconds.
  path: Assets/_ClassExercises/ThirdPersonController/Prefabs/personaggio.prefab
  artifactKey: Guid(29529aa84e7fb204da540be2963ef524) Importer(815301076,1909f56bfc062723c751e8b465ee728b)
Start importing Assets/_ClassExercises/ThirdPersonController/Prefabs/personaggio.prefab using Guid(29529aa84e7fb204da540be2963ef524) Importer(815301076,1909f56bfc062723c751e8b465ee728b)  -> (artifact id: '3e31040edc64d13b9fa92c35b6766ec0') in 0.022996 seconds 
========================================================================
Received Import Request.
  Time since last request: 29.591053 seconds.
  path: Assets/_ClassExercises/ThirdPersonController/Prefabs/personaggio.prefab
  artifactKey: Guid(29529aa84e7fb204da540be2963ef524) Importer(815301076,1909f56bfc062723c751e8b465ee728b)
Start importing Assets/_ClassExercises/ThirdPersonController/Prefabs/personaggio.prefab using Guid(29529aa84e7fb204da540be2963ef524) Importer(815301076,1909f56bfc062723c751e8b465ee728b)  -> (artifact id: '745b674efeed779dc3dc60c777706abb') in 0.016622 seconds 
========================================================================
Received Import Request.
  Time since last request: 61.357692 seconds.
  path: Assets/_ClassExercises/ThirdPersonController/My_ThirdPersonController.unity
  artifactKey: Guid(e6da04bf81e373942ac1c023eae1bf5a) Importer(815301076,1909f56bfc062723c751e8b465ee728b)
Start importing Assets/_ClassExercises/ThirdPersonController/My_ThirdPersonController.unity using Guid(e6da04bf81e373942ac1c023eae1bf5a) Importer(815301076,1909f56bfc062723c751e8b465ee728b)  -> (artifact id: 'efebbd27c5c0f5b85db9366287c528b1') in 0.003265 seconds 
========================================================================
Received Import Request.
  Time since last request: 223.907096 seconds.
  path: Assets/_ClassExercises/ThirdPersonController/Scripts/TargetReacher_Empty.cs
  artifactKey: Guid(5f065a547986a8545b17d30c5eda0625) Importer(815301076,1909f56bfc062723c751e8b465ee728b)
Start importing Assets/_ClassExercises/ThirdPersonController/Scripts/TargetReacher_Empty.cs using Guid(5f065a547986a8545b17d30c5eda0625) Importer(815301076,1909f56bfc062723c751e8b465ee728b)  -> (artifact id: 'e8c0e1a2768688273ae84cdabc6f9a4f') in 0.009664 seconds 
========================================================================
Received Import Request.
  Time since last request: 1.654129 seconds.
  path: Assets/_ClassExercises/ThirdPersonController/My_ThirdPersonController.unity
  artifactKey: Guid(e6da04bf81e373942ac1c023eae1bf5a) Importer(815301076,1909f56bfc062723c751e8b465ee728b)
Start importing Assets/_ClassExercises/ThirdPersonController/My_ThirdPersonController.unity using Guid(e6da04bf81e373942ac1c023eae1bf5a) Importer(815301076,1909f56bfc062723c751e8b465ee728b)  -> (artifact id: '9f0c892963f0fe947c56f20b1a4317ec') in 0.002851 seconds 
========================================================================
Received Import Request.
  Time since last request: 30.250900 seconds.
  path: Assets/_ClassExercises/ThirdPersonController/Prefabs/personaggio.prefab
  artifactKey: Guid(29529aa84e7fb204da540be2963ef524) Importer(815301076,1909f56bfc062723c751e8b465ee728b)
Start importing Assets/_ClassExercises/ThirdPersonController/Prefabs/personaggio.prefab using Guid(29529aa84e7fb204da540be2963ef524) Importer(815301076,1909f56bfc062723c751e8b465ee728b)  -> (artifact id: '44bf417b75e8da444666789928bcd549') in 0.020868 seconds 
========================================================================
Received Import Request.
  Time since last request: 348.637878 seconds.
  path: Assets/_ClassExercises/ThirdPersonController/Prefabs/personaggio.prefab
  artifactKey: Guid(29529aa84e7fb204da540be2963ef524) Importer(815301076,1909f56bfc062723c751e8b465ee728b)
Start importing Assets/_ClassExercises/ThirdPersonController/Prefabs/personaggio.prefab using Guid(29529aa84e7fb204da540be2963ef524) Importer(815301076,1909f56bfc062723c751e8b465ee728b)  -> (artifact id: '527bdaad3404ec2cf9a3e32c259bfce0') in 0.029467 seconds 
========================================================================
Received Import Request.
  Time since last request: 120.840713 seconds.
  path: Assets/_ClassExercises/ThirdPersonController/My_ThirdPersonController.unity
  artifactKey: Guid(e6da04bf81e373942ac1c023eae1bf5a) Importer(815301076,1909f56bfc062723c751e8b465ee728b)
Start importing Assets/_ClassExercises/ThirdPersonController/My_ThirdPersonController.unity using Guid(e6da04bf81e373942ac1c023eae1bf5a) Importer(815301076,1909f56bfc062723c751e8b465ee728b)  -> (artifact id: '3883af0936c74d61634911b350dc28ee') in 0.003233 seconds 
========================================================================
Received Import Request.
  Time since last request: 75.105653 seconds.
  path: Assets/_ClassExercises/ThirdPersonController/Materials
  artifactKey: Guid(40c84dc1d5e64a748af82c0b66ee489c) Importer(815301076,1909f56bfc062723c751e8b465ee728b)
Start importing Assets/_ClassExercises/ThirdPersonController/Materials using Guid(40c84dc1d5e64a748af82c0b66ee489c) Importer(815301076,1909f56bfc062723c751e8b465ee728b)  -> (artifact id: 'd9906f53a5b0af102c674c7f2b5a207a') in 0.010120 seconds 
========================================================================
Received Import Request.
  Time since last request: 46.242002 seconds.
  path: Assets/_ClassExercises/ThirdPersonController/Personaggio
  artifactKey: Guid(93de0e40f87b2954dbfbd1ed4050c12b) Importer(815301076,1909f56bfc062723c751e8b465ee728b)
Start importing Assets/_ClassExercises/ThirdPersonController/Personaggio using Guid(93de0e40f87b2954dbfbd1ed4050c12b) Importer(815301076,1909f56bfc062723c751e8b465ee728b)  -> (artifact id: 'de620eecb64c3d0e81935795128b5b21') in 0.009447 seconds 
========================================================================
Received Import Request.
  Time since last request: 83.139059 seconds.
  path: Assets/_ClassExercises/AbductionGame
  artifactKey: Guid(ca8321383f654af48b67407d5350920b) Importer(815301076,1909f56bfc062723c751e8b465ee728b)
Start importing Assets/_ClassExercises/AbductionGame using Guid(ca8321383f654af48b67407d5350920b) Importer(815301076,1909f56bfc062723c751e8b465ee728b)  -> (artifact id: 'd8cf3b713bd4947472dde0e3b910332a') in 0.010681 seconds 
========================================================================
Received Import Request.
  Time since last request: 39.437985 seconds.
  path: Assets/_ClassExercises/ThirdPersonController/Objects
  artifactKey: Guid(5f217340aa90e734c835d4a3a851a451) Importer(815301076,1909f56bfc062723c751e8b465ee728b)
Start importing Assets/_ClassExercises/ThirdPersonController/Objects using Guid(5f217340aa90e734c835d4a3a851a451) Importer(815301076,1909f56bfc062723c751e8b465ee728b)  -> (artifact id: '190b2c464c3e57c669d1d069e402fe62') in 0.009803 seconds 
========================================================================
Received Import Request.
  Time since last request: 327.508085 seconds.
  path: Assets/_ClassExercises/ThirdPersonController/My_ThirdPersonController.unity
  artifactKey: Guid(e6da04bf81e373942ac1c023eae1bf5a) Importer(815301076,1909f56bfc062723c751e8b465ee728b)
Start importing Assets/_ClassExercises/ThirdPersonController/My_ThirdPersonController.unity using Guid(e6da04bf81e373942ac1c023eae1bf5a) Importer(815301076,1909f56bfc062723c751e8b465ee728b)  -> (artifact id: '7efbc78df437bbbbdf8f1282a0d7209e') in 0.003835 seconds 
========================================================================
Received Import Request.
  Time since last request: 67.069767 seconds.
  path: Assets/_ClassExercises/ThirdPersonController/Models
  artifactKey: Guid(79c60d6d7b97fba488193967ae7c5658) Importer(815301076,1909f56bfc062723c751e8b465ee728b)
Start importing Assets/_ClassExercises/ThirdPersonController/Models using Guid(79c60d6d7b97fba488193967ae7c5658) Importer(815301076,1909f56bfc062723c751e8b465ee728b)  -> (artifact id: '9b960ac42f99464e83a13cbaef878d1d') in 0.011292 seconds 
========================================================================
Received Import Request.
  Time since last request: 52.015693 seconds.
  path: Assets/_ClassExercises/ThirdPersonController/Models/environment
  artifactKey: Guid(cda92da9697db8f4db46320af3573158) Importer(815301076,1909f56bfc062723c751e8b465ee728b)
Start importing Assets/_ClassExercises/ThirdPersonController/Models/environment using Guid(cda92da9697db8f4db46320af3573158) Importer(815301076,1909f56bfc062723c751e8b465ee728b)  -> (artifact id: '1b7b2941cd82ea9c9c26ec4cc7e99be1') in 0.010917 seconds 
========================================================================
Received Import Request.
  Time since last request: 8.928194 seconds.
  path: Assets/_ClassExercises/ThirdPersonController/Models/environment/Materials
  artifactKey: Guid(e1f358c0d6de45549b0d96fe6aa9db05) Importer(815301076,1909f56bfc062723c751e8b465ee728b)
Start importing Assets/_ClassExercises/ThirdPersonController/Models/environment/Materials using Guid(e1f358c0d6de45549b0d96fe6aa9db05) Importer(815301076,1909f56bfc062723c751e8b465ee728b)  -> (artifact id: '21df04d4156149b457c983166c69d294') in 0.003143 seconds 
========================================================================
Received Import Request.
  Time since last request: 109.227723 seconds.
  path: Assets/_ClassExercises/ThirdPersonController/Prefabs/ostacolo.prefab
  artifactKey: Guid(7b5fe0bb9c6c662448e63e4ce4f1ba67) Importer(815301076,1909f56bfc062723c751e8b465ee728b)
Start importing Assets/_ClassExercises/ThirdPersonController/Prefabs/ostacolo.prefab using Guid(7b5fe0bb9c6c662448e63e4ce4f1ba67) Importer(815301076,1909f56bfc062723c751e8b465ee728b)  -> (artifact id: 'fd0503cf73a9cdce9eaf252b37d85e40') in 0.024077 seconds 
========================================================================
Received Import Request.
  Time since last request: 98.928136 seconds.
  path: Assets/_ClassExercises/ThirdPersonController/My_ThirdPersonController.unity
  artifactKey: Guid(e6da04bf81e373942ac1c023eae1bf5a) Importer(815301076,1909f56bfc062723c751e8b465ee728b)
Start importing Assets/_ClassExercises/ThirdPersonController/My_ThirdPersonController.unity using Guid(e6da04bf81e373942ac1c023eae1bf5a) Importer(815301076,1909f56bfc062723c751e8b465ee728b)  -> (artifact id: '2a5ba03eb41a545884cf39693909140a') in 0.003001 seconds 
========================================================================
Received Import Request.
  Time since last request: 32.211584 seconds.
  path: Assets/_ClassExercises/ThirdPersonController/Prefabs/Ostacoli_v1.prefab
  artifactKey: Guid(33b9680785be440428af12f09f94826f) Importer(815301076,1909f56bfc062723c751e8b465ee728b)
Start importing Assets/_ClassExercises/ThirdPersonController/Prefabs/Ostacoli_v1.prefab using Guid(33b9680785be440428af12f09f94826f) Importer(815301076,1909f56bfc062723c751e8b465ee728b)  -> (artifact id: '0e8415785f3e1ce04e18d6cadd7b1938') in 0.026803 seconds 
========================================================================
Received Import Request.
  Time since last request: 35.032435 seconds.
  path: Assets/_ClassExercises/ThirdPersonController/Prefabs/Ostacoli_v1.prefab
  artifactKey: Guid(33b9680785be440428af12f09f94826f) Importer(815301076,1909f56bfc062723c751e8b465ee728b)
Start importing Assets/_ClassExercises/ThirdPersonController/Prefabs/Ostacoli_v1.prefab using Guid(33b9680785be440428af12f09f94826f) Importer(815301076,1909f56bfc062723c751e8b465ee728b)  -> (artifact id: '3d088259b4b250df801072ca6efe284f') in 0.022782 seconds 
========================================================================
Received Import Request.
  Time since last request: 3.104256 seconds.
  path: Assets/_ClassExercises/ThirdPersonController/My_ThirdPersonController.unity
  artifactKey: Guid(e6da04bf81e373942ac1c023eae1bf5a) Importer(815301076,1909f56bfc062723c751e8b465ee728b)
Start importing Assets/_ClassExercises/ThirdPersonController/My_ThirdPersonController.unity using Guid(e6da04bf81e373942ac1c023eae1bf5a) Importer(815301076,1909f56bfc062723c751e8b465ee728b)  -> (artifact id: '012dc93ba37062222ea3ca4ad4465c4a') in 0.003209 seconds 
========================================================================
Received Import Request.
  Time since last request: 64.151702 seconds.
  path: Assets/_ClassExercises/ThirdPersonController/My_ThirdPersonController.unity
  artifactKey: Guid(e6da04bf81e373942ac1c023eae1bf5a) Importer(815301076,1909f56bfc062723c751e8b465ee728b)
Start importing Assets/_ClassExercises/ThirdPersonController/My_ThirdPersonController.unity using Guid(e6da04bf81e373942ac1c023eae1bf5a) Importer(815301076,1909f56bfc062723c751e8b465ee728b)  -> (artifact id: '6472302a7f94c76d0ad8ea4b5e7be7ad') in 0.003202 seconds 
========================================================================
Received Import Request.
  Time since last request: 51.321040 seconds.
  path: Assets/_ClassExercises/ThirdPersonController/Prefabs/Ostacoli_v1.prefab
  artifactKey: Guid(33b9680785be440428af12f09f94826f) Importer(815301076,1909f56bfc062723c751e8b465ee728b)
Start importing Assets/_ClassExercises/ThirdPersonController/Prefabs/Ostacoli_v1.prefab using Guid(33b9680785be440428af12f09f94826f) Importer(815301076,1909f56bfc062723c751e8b465ee728b)  -> (artifact id: 'def5ca81688fc67e1c67fa2a1297a7f3') in 0.012093 seconds 
========================================================================
Received Import Request.
  Time since last request: 149.586590 seconds.
  path: Assets/_ClassExercises/ThirdPersonController/Prefabs/personaggio.prefab
  artifactKey: Guid(29529aa84e7fb204da540be2963ef524) Importer(815301076,1909f56bfc062723c751e8b465ee728b)
Start importing Assets/_ClassExercises/ThirdPersonController/Prefabs/personaggio.prefab using Guid(29529aa84e7fb204da540be2963ef524) Importer(815301076,1909f56bfc062723c751e8b465ee728b)  -> (artifact id: 'dd93987f191b6c5af1cc2fa72967a904') in 0.022289 seconds 
========================================================================
Received Import Request.
  Time since last request: 71.818880 seconds.
  path: Assets/_ClassExercises/ThirdPersonController/Prefabs/ostacoli.prefab
  artifactKey: Guid(43675cf925c173f49aa87cad8621fa73) Importer(815301076,1909f56bfc062723c751e8b465ee728b)
Start importing Assets/_ClassExercises/ThirdPersonController/Prefabs/ostacoli.prefab using Guid(43675cf925c173f49aa87cad8621fa73) Importer(815301076,1909f56bfc062723c751e8b465ee728b)  -> (artifact id: '2fab4cb13fe4f3b710f09ddb2f54b997') in 0.018158 seconds 
========================================================================
Received Import Request.
  Time since last request: 47.067899 seconds.
  path: Assets/_ClassExercises/ThirdPersonController/Prefabs/ostacolo.prefab
  artifactKey: Guid(7b5fe0bb9c6c662448e63e4ce4f1ba67) Importer(815301076,1909f56bfc062723c751e8b465ee728b)
Start importing Assets/_ClassExercises/ThirdPersonController/Prefabs/ostacolo.prefab using Guid(7b5fe0bb9c6c662448e63e4ce4f1ba67) Importer(815301076,1909f56bfc062723c751e8b465ee728b)  -> (artifact id: 'cc1910179dabcce674d19e6e765f85ad') in 0.020426 seconds 
========================================================================
Received Import Request.
  Time since last request: 5.150763 seconds.
  path: Assets/_ClassExercises/ThirdPersonController/My_ThirdPersonController.unity
  artifactKey: Guid(e6da04bf81e373942ac1c023eae1bf5a) Importer(815301076,1909f56bfc062723c751e8b465ee728b)
Start importing Assets/_ClassExercises/ThirdPersonController/My_ThirdPersonController.unity using Guid(e6da04bf81e373942ac1c023eae1bf5a) Importer(815301076,1909f56bfc062723c751e8b465ee728b)  -> (artifact id: '5ca8685317db475e0038d5d85938e505') in 0.003086 seconds 
